[debug] ----------------------------------------------------------------------
[debug] Command:      /usr/local/Cellar/node/4.1.1/bin/node /usr/local/bin/firebase serve
[debug] CLI Version:  3.0.4
[debug] Platform:     darwin
[debug] Node Version: v4.1.1
[debug] Time:         Wed Jul 27 2016 02:09:45 GMT-0400 (EDT)
[debug] ----------------------------------------------------------------------
[debug] 
[info] Starting Firebase development server...
[info] 
[info] Project Directory: /Users/jonmanock/newFirebase
[info] Public Directory: ./
[info] 
[info] Server listening at: http://localhost:5000
[debug] ----------------------------------------------------------------------
[debug] Command:      /usr/local/Cellar/node/4.1.1/bin/node /usr/local/bin/firebase serve
[debug] CLI Version:  3.0.4
[debug] Platform:     darwin
[debug] Node Version: v4.1.1
[debug] Time:         Thu Jul 28 2016 18:15:31 GMT-0400 (EDT)
[debug] ----------------------------------------------------------------------
[debug] 
[info] Starting Firebase development server...
[info] 
[info] Project Directory: /Users/jonmanock/newFirebase
[info] Public Directory: ./
[info] 
[info] Server listening at: http://localhost:5000
